# JRE version: Java(TM) SE Runtime Environment (9.0+11) (build 9.0.1+11)
# Java VM: Java HotSpot(TM) 64-Bit Server VM (9.0.1+11, mixed mode, tiered, compressed oops, g1 gc, bsd-amd64)
Heap:
 garbage-first heap   total 368640K, used 33684K [0x00000006c0000000, 0x00000006c0100b40, 0x00000007c0000000)
  region size 1024K, 25 young (25600K), 21 survivors (21504K)
 Metaspace       used 20465K, capacity 21276K, committed 21552K, reserved 1069056K
  class space    used 1935K, capacity 2105K, committed 2176K, reserved 1048576K
GC Heap History (10 events):
Event: 3.277 GC heap before
{Heap before GC invocations=5 (full 0):
 garbage-first heap   total 262144K, used 166952K [0x00000006c0000000, 0x00000006c0100800, 0x00000007c0000000)
  region size 1024K, 153 young (156672K), 6 survivors (6144K)
 Metaspace       used 12722K, capacity 13406K, committed 13568K, reserved 1060864K
  class space    used 1253K, capacity 1409K, committed 1536K, reserved 1048576K
}
Event: 3.329 GC heap after
{Heap after GC invocations=6 (full 0):
 garbage-first heap   total 262144K, used 18679K [0x00000006c0000000, 0x00000006c0100800, 0x00000007c0000000)
  region size 1024K, 8 young (8192K), 8 survivors (8192K)
 Metaspace       used 12722K, capacity 13406K, committed 13568K, reserved 1060864K
  class space    used 1253K, capacity 1409K, committed 1536K, reserved 1048576K
}
Event: 3.473 GC heap before
{Heap before GC invocations=6 (full 0):
 garbage-first heap   total 262144K, used 167159K [0x00000006c0000000, 0x00000006c0100800, 0x00000007c0000000)
  region size 1024K, 153 young (156672K), 8 survivors (8192K)
 Metaspace       used 12722K, capacity 13406K, committed 13568K, reserved 1060864K
  class space    used 1253K, capacity 1409K, committed 1536K, reserved 1048576K
}
Event: 3.510 GC heap after
{Heap after GC invocations=7 (full 0):
 garbage-first heap   total 368640K, used 21568K [0x00000006c0000000, 0x00000006c0100b40, 0x00000007c0000000)
  region size 1024K, 11 young (11264K), 11 survivors (11264K)
 Metaspace       used 12722K, capacity 13406K, committed 13568K, reserved 1060864K
  class space    used 1253K, capacity 1409K, committed 1536K, reserved 1048576K
}
Event: 3.720 GC heap before
{Heap before GC invocations=7 (full 0):
 garbage-first heap   total 368640K, used 203840K [0x00000006c0000000, 0x00000006c0100b40, 0x00000007c0000000)
  region size 1024K, 184 young (188416K), 11 survivors (11264K)
 Metaspace       used 12722K, capacity 13406K, committed 13568K, reserved 1060864K
  class space    used 1253K, capacity 1409K, committed 1536K, reserved 1048576K
}
Event: 3.767 GC heap after
{Heap after GC invocations=8 (full 0):
 garbage-first heap   total 368640K, used 30967K [0x00000006c0000000, 0x00000006c0100b40, 0x00000007c0000000)
  region size 1024K, 15 young (15360K), 15 survivors (15360K)
 Metaspace       used 12722K, capacity 13406K, committed 13568K, reserved 1060864K
  class space    used 1253K, capacity 1409K, committed 1536K, reserved 1048576K
}
Event: 3.931 GC heap before
{Heap before GC invocations=8 (full 0):
 garbage-first heap   total 368640K, used 228599K [0x00000006c0000000, 0x00000006c0100b40, 0x00000007c0000000)
  region size 1024K, 201 young (205824K), 15 survivors (15360K)
 Metaspace       used 12722K, capacity 13406K, committed 13568K, reserved 1060864K
  class space    used 1253K, capacity 1409K, committed 1536K, reserved 1048576K
}
Event: 4.011 GC heap after
{Heap after GC invocations=9 (full 0):
 garbage-first heap   total 368640K, used 43381K [0x00000006c0000000, 0x00000006c0100b40, 0x00000007c0000000)
  region size 1024K, 17 young (17408K), 17 survivors (17408K)
 Metaspace       used 12722K, capacity 13406K, committed 13568K, reserved 1060864K
  class space    used 1253K, capacity 1409K, committed 1536K, reserved 1048576K
}
Event: 21.119 GC heap before
{Heap before GC invocations=9 (full 0):
 garbage-first heap   total 368640K, used 119157K [0x00000006c0000000, 0x00000006c0100b40, 0x00000007c0000000)
  region size 1024K, 89 young (91136K), 17 survivors (17408K)
 Metaspace       used 20375K, capacity 21148K, committed 21296K, reserved 1069056K
  class space    used 1929K, capacity 2105K, committed 2176K, reserved 1048576K
}
Event: 21.187 GC heap after
{Heap after GC invocations=10 (full 0):
 garbage-first heap   total 368640K, used 53140K [0x00000006c0000000, 0x00000006c0100b40, 0x00000007c0000000)
  region size 1024K, 21 young (21504K), 21 survivors (21504K)
 Metaspace       used 20375K, capacity 21148K, committed 21296K, reserved 1069056K
  class space    used 1929K, capacity 2105K, committed 2176K, reserved 1048576K
}

