# JRE version: Java(TM) SE Runtime Environment (9.0+11) (build 9.0.1+11)
# Java VM: Java HotSpot(TM) 64-Bit Server VM (9.0.1+11, mixed mode, tiered, compressed oops, g1 gc, bsd-amd64)
Heap:
 garbage-first heap   total 371712K, used 30365K [0x00000006c0000000, 0x00000006c0100b58, 0x00000007c0000000)
  region size 1024K, 23 young (23552K), 9 survivors (9216K)
 Metaspace       used 20412K, capacity 21174K, committed 21552K, reserved 1069056K
  class space    used 1908K, capacity 2088K, committed 2176K, reserved 1048576K
GC Heap History (10 events):
Event: 4.310 GC heap before
{Heap before GC invocations=3 (full 0):
 garbage-first heap   total 262144K, used 164650K [0x00000006c0000000, 0x00000006c0100800, 0x00000007c0000000)
  region size 1024K, 153 young (156672K), 8 survivors (8192K)
 Metaspace       used 12550K, capacity 13170K, committed 13440K, reserved 1060864K
  class space    used 1237K, capacity 1391K, committed 1408K, reserved 1048576K
}
Event: 4.353 GC heap after
{Heap after GC invocations=4 (full 0):
 garbage-first heap   total 262144K, used 20978K [0x00000006c0000000, 0x00000006c0100800, 0x00000007c0000000)
  region size 1024K, 12 young (12288K), 12 survivors (12288K)
 Metaspace       used 12550K, capacity 13170K, committed 13440K, reserved 1060864K
  class space    used 1237K, capacity 1391K, committed 1408K, reserved 1048576K
}
Event: 4.597 GC heap before
{Heap before GC invocations=4 (full 0):
 garbage-first heap   total 262144K, used 170482K [0x00000006c0000000, 0x00000006c0100800, 0x00000007c0000000)
  region size 1024K, 153 young (156672K), 12 survivors (12288K)
 Metaspace       used 12550K, capacity 13170K, committed 13440K, reserved 1060864K
  class space    used 1237K, capacity 1391K, committed 1408K, reserved 1048576K
}
Event: 4.654 GC heap after
{Heap after GC invocations=5 (full 0):
 garbage-first heap   total 262144K, used 33764K [0x00000006c0000000, 0x00000006c0100800, 0x00000007c0000000)
  region size 1024K, 18 young (18432K), 18 survivors (18432K)
 Metaspace       used 12550K, capacity 13170K, committed 13440K, reserved 1060864K
  class space    used 1237K, capacity 1391K, committed 1408K, reserved 1048576K
}
Event: 4.674 GC heap before
{Heap before GC invocations=5 (full 0):
 garbage-first heap   total 262144K, used 52196K [0x00000006c0000000, 0x00000006c0100800, 0x00000007c0000000)
  region size 1024K, 36 young (36864K), 18 survivors (18432K)
 Metaspace       used 12550K, capacity 13170K, committed 13440K, reserved 1060864K
  class space    used 1237K, capacity 1391K, committed 1408K, reserved 1048576K
}
Event: 4.744 GC heap after
{Heap after GC invocations=6 (full 0):
 garbage-first heap   total 371712K, used 33915K [0x00000006c0000000, 0x00000006c0100b58, 0x00000007c0000000)
  region size 1024K, 1 young (1024K), 1 survivors (1024K)
 Metaspace       used 12550K, capacity 13170K, committed 13440K, reserved 1060864K
  class space    used 1237K, capacity 1391K, committed 1408K, reserved 1048576K
}
Event: 4.973 GC heap before
{Heap before GC invocations=6 (full 0):
 garbage-first heap   total 371712K, used 193659K [0x00000006c0000000, 0x00000006c0100b58, 0x00000007c0000000)
  region size 1024K, 155 young (158720K), 1 survivors (1024K)
 Metaspace       used 12553K, capacity 13170K, committed 13440K, reserved 1060864K
  class space    used 1237K, capacity 1391K, committed 1408K, reserved 1048576K
}
Event: 4.990 GC heap after
{Heap after GC invocations=7 (full 0):
 garbage-first heap   total 371712K, used 40261K [0x00000006c0000000, 0x00000006c0100b58, 0x00000007c0000000)
  region size 1024K, 6 young (6144K), 6 survivors (6144K)
 Metaspace       used 12553K, capacity 13170K, committed 13440K, reserved 1060864K
  class space    used 1237K, capacity 1391K, committed 1408K, reserved 1048576K
}
Event: 25.045 GC heap before
{Heap before GC invocations=7 (full 0):
 garbage-first heap   total 371712K, used 108869K [0x00000006c0000000, 0x00000006c0100b58, 0x00000007c0000000)
  region size 1024K, 72 young (73728K), 6 survivors (6144K)
 Metaspace       used 20361K, capacity 21110K, committed 21296K, reserved 1069056K
  class space    used 1904K, capacity 2088K, committed 2176K, reserved 1048576K
}
Event: 25.066 GC heap after
{Heap after GC invocations=8 (full 0):
 garbage-first heap   total 371712K, used 43800K [0x00000006c0000000, 0x00000006c0100b58, 0x00000007c0000000)
  region size 1024K, 9 young (9216K), 9 survivors (9216K)
 Metaspace       used 20361K, capacity 21110K, committed 21296K, reserved 1069056K
  class space    used 1904K, capacity 2088K, committed 2176K, reserved 1048576K
}

